# Logfile created on 2014-01-07 11:21:32 -0800 by logger.rb/36483
I, [2014-01-07T11:21:32.011273 #69003]  INFO -- : 0:  rake (10.1.1) from /Users/bscott/.rvm/gems/ruby-2.0.0-p247@chef-rundeck/specifications/rake-10.1.1.gemspec
I, [2014-01-07T11:21:33.345559 #69003]  INFO -- : 0:  addressable (2.3.5) from /Users/bscott/.rvm/gems/ruby-2.0.0-p247@chef-rundeck/specifications/addressable-2.3.5.gemspec
I, [2014-01-07T11:21:33.909732 #69003]  INFO -- : 0:  builder (3.2.2) from /Users/bscott/.rvm/gems/ruby-2.0.0-p247@chef-rundeck/specifications/builder-3.2.2.gemspec
I, [2014-01-07T11:21:33.910090 #69003]  INFO -- : 0:  bundler (1.5.1) from /Users/bscott/.rvm/gems/ruby-2.0.0-p247@chef-rundeck/specifications/bundler-1.5.1.gemspec
I, [2014-01-07T11:21:33.910364 #69003]  INFO -- : 0:  hashie (2.0.5) from /Users/bscott/.rvm/gems/ruby-2.0.0-p247@chef-rundeck/specifications/hashie-2.0.5.gemspec
I, [2014-01-07T11:21:33.910603 #69003]  INFO -- : 0:  json (1.7.7) from /Users/bscott/.rvm/rubies/ruby-2.0.0-p247/lib/ruby/gems/2.0.0/specifications/default/json-1.7.7.gemspec
I, [2014-01-07T11:21:33.910849 #69003]  INFO -- : 0:  mixlib-log (1.6.0) from /Users/bscott/.rvm/gems/ruby-2.0.0-p247@chef-rundeck/specifications/mixlib-log-1.6.0.gemspec
I, [2014-01-07T11:21:33.911096 #69003]  INFO -- : 0:  moneta (0.6.0) from /Users/bscott/.rvm/gems/ruby-2.0.0-p247@chef-rundeck/specifications/moneta-0.6.0.gemspec
I, [2014-01-07T11:21:33.911432 #69003]  INFO -- : 0:  rack (1.5.2) from /Users/bscott/.rvm/gems/ruby-2.0.0-p247@chef-rundeck/specifications/rack-1.5.2.gemspec
I, [2014-01-07T11:21:33.911841 #69003]  INFO -- : 0:  chef-zero (1.7.2) from /Users/bscott/.rvm/gems/ruby-2.0.0-p247@chef-rundeck/specifications/chef-zero-1.7.2.gemspec
I, [2014-01-07T11:21:33.912144 #69003]  INFO -- : 0:  diff-lcs (1.2.5) from /Users/bscott/.rvm/gems/ruby-2.0.0-p247@chef-rundeck/specifications/diff-lcs-1.2.5.gemspec
I, [2014-01-07T11:21:33.912430 #69003]  INFO -- : 0:  erubis (2.7.0) from /Users/bscott/.rvm/gems/ruby-2.0.0-p247@chef-rundeck/specifications/erubis-2.7.0.gemspec
I, [2014-01-07T11:21:33.912716 #69003]  INFO -- : 0:  highline (1.6.20) from /Users/bscott/.rvm/gems/ruby-2.0.0-p247@chef-rundeck/specifications/highline-1.6.20.gemspec
I, [2014-01-07T11:21:33.912998 #69003]  INFO -- : 0:  mime-types (1.25.1) from /Users/bscott/.rvm/gems/ruby-2.0.0-p247@chef-rundeck/specifications/mime-types-1.25.1.gemspec
I, [2014-01-07T11:21:33.913283 #69003]  INFO -- : 0:  mixlib-authentication (1.3.0) from /Users/bscott/.rvm/gems/ruby-2.0.0-p247@chef-rundeck/specifications/mixlib-authentication-1.3.0.gemspec
I, [2014-01-07T11:21:33.913562 #69003]  INFO -- : 0:  mixlib-cli (1.4.0) from /Users/bscott/.rvm/gems/ruby-2.0.0-p247@chef-rundeck/specifications/mixlib-cli-1.4.0.gemspec
I, [2014-01-07T11:21:33.913859 #69003]  INFO -- : 0:  mixlib-config (2.1.0) from /Users/bscott/.rvm/gems/ruby-2.0.0-p247@chef-rundeck/specifications/mixlib-config-2.1.0.gemspec
I, [2014-01-07T11:21:33.914144 #69003]  INFO -- : 0:  mixlib-shellout (1.3.0) from /Users/bscott/.rvm/gems/ruby-2.0.0-p247@chef-rundeck/specifications/mixlib-shellout-1.3.0.gemspec
I, [2014-01-07T11:21:33.914428 #69003]  INFO -- : 0:  net-ssh (2.7.0) from /Users/bscott/.rvm/gems/ruby-2.0.0-p247@chef-rundeck/specifications/net-ssh-2.7.0.gemspec
I, [2014-01-07T11:21:33.914745 #69003]  INFO -- : 0:  net-ssh-gateway (1.2.0) from /Users/bscott/.rvm/gems/ruby-2.0.0-p247@chef-rundeck/specifications/net-ssh-gateway-1.2.0.gemspec
I, [2014-01-07T11:21:33.915086 #69003]  INFO -- : 0:  net-ssh-multi (1.1) from /Users/bscott/.rvm/gems/ruby-2.0.0-p247@chef-rundeck/specifications/net-ssh-multi-1.1.gemspec
I, [2014-01-07T11:21:33.915411 #69003]  INFO -- : 0:  ipaddress (0.8.0) from /Users/bscott/.rvm/gems/ruby-2.0.0-p247@chef-rundeck/specifications/ipaddress-0.8.0.gemspec
I, [2014-01-07T11:21:33.915693 #69003]  INFO -- : 0:  systemu (2.5.2) from /Users/bscott/.rvm/gems/ruby-2.0.0-p247@chef-rundeck/specifications/systemu-2.5.2.gemspec
I, [2014-01-07T11:21:33.916018 #69003]  INFO -- : 0:  yajl-ruby (1.2.0) from /Users/bscott/.rvm/gems/ruby-2.0.0-p247@chef-rundeck/specifications/yajl-ruby-1.2.0.gemspec
I, [2014-01-07T11:21:33.916310 #69003]  INFO -- : 0:  ohai (6.20.0) from /Users/bscott/.rvm/gems/ruby-2.0.0-p247@chef-rundeck/specifications/ohai-6.20.0.gemspec
I, [2014-01-07T11:21:33.916599 #69003]  INFO -- : 0:  coderay (1.1.0) from /Users/bscott/.rvm/gems/ruby-2.0.0-p247@chef-rundeck/specifications/coderay-1.1.0.gemspec
I, [2014-01-07T11:21:33.916883 #69003]  INFO -- : 0:  method_source (0.8.2) from /Users/bscott/.rvm/gems/ruby-2.0.0-p247@chef-rundeck/specifications/method_source-0.8.2.gemspec
I, [2014-01-07T11:21:33.917170 #69003]  INFO -- : 0:  slop (3.4.7) from /Users/bscott/.rvm/gems/ruby-2.0.0-p247@chef-rundeck/specifications/slop-3.4.7.gemspec
I, [2014-01-07T11:21:33.917458 #69003]  INFO -- : 0:  pry (0.9.12.4) from /Users/bscott/.rvm/gems/ruby-2.0.0-p247@chef-rundeck/specifications/pry-0.9.12.4.gemspec
I, [2014-01-07T11:21:33.917826 #69003]  INFO -- : 0:  puma (1.6.3) from /Users/bscott/.rvm/gems/ruby-2.0.0-p247@chef-rundeck/specifications/puma-1.6.3.gemspec
I, [2014-01-07T11:21:33.918121 #69003]  INFO -- : 0:  rest-client (1.6.7) from /Users/bscott/.rvm/gems/ruby-2.0.0-p247@chef-rundeck/specifications/rest-client-1.6.7.gemspec
I, [2014-01-07T11:21:33.918471 #69003]  INFO -- : 0:  chef (11.8.2) from /Users/bscott/.rvm/gems/ruby-2.0.0-p247@chef-rundeck/specifications/chef-11.8.2.gemspec
I, [2014-01-07T11:21:33.918754 #69003]  INFO -- : 0:  rack-protection (1.5.1) from /Users/bscott/.rvm/gems/ruby-2.0.0-p247@chef-rundeck/specifications/rack-protection-1.5.1.gemspec
I, [2014-01-07T11:21:33.919174 #69003]  INFO -- : 0:  tilt (1.4.1) from /Users/bscott/.rvm/gems/ruby-2.0.0-p247@chef-rundeck/specifications/tilt-1.4.1.gemspec
I, [2014-01-07T11:21:33.919489 #69003]  INFO -- : 0:  sinatra (1.4.4) from /Users/bscott/.rvm/gems/ruby-2.0.0-p247@chef-rundeck/specifications/sinatra-1.4.4.gemspec
I, [2014-01-07T11:21:33.952607 #69003]  INFO -- : 0:  chef-rundeck (1.0.1) from /Users/bscott/AeroFS/Github/chef-rundeck/chef-rundeck.gemspec
I, [2014-01-07T11:21:34.459955 #69003]  INFO -- : 0:  descendants_tracker (0.0.3) from /Users/bscott/.rvm/gems/ruby-2.0.0-p247@chef-rundeck/specifications/descendants_tracker-0.0.3.gemspec
I, [2014-01-07T11:21:35.022348 #69003]  INFO -- : 0:  multipart-post (1.2.0) from /Users/bscott/.rvm/gems/ruby-2.0.0-p247@chef-rundeck/specifications/multipart-post-1.2.0.gemspec
I, [2014-01-07T11:21:35.587412 #69003]  INFO -- : 0:  faraday (0.8.8) from /Users/bscott/.rvm/gems/ruby-2.0.0-p247@chef-rundeck/specifications/faraday-0.8.8.gemspec
I, [2014-01-07T11:21:36.162238 #69003]  INFO -- : 0:  git (1.2.6) from /Users/bscott/.rvm/gems/ruby-2.0.0-p247@chef-rundeck/specifications/git-1.2.6.gemspec
I, [2014-01-07T11:21:36.703225 #69003]  INFO -- : 0:  multi_json (1.8.2) from /Users/bscott/.rvm/gems/ruby-2.0.0-p247@chef-rundeck/specifications/multi_json-1.8.2.gemspec
I, [2014-01-07T11:21:36.703611 #69003]  INFO -- : 0:  mini_portile (0.5.2) from /Users/bscott/.rvm/gems/ruby-2.0.0-p247@chef-rundeck/specifications/mini_portile-0.5.2.gemspec
I, [2014-01-07T11:21:36.703876 #69003]  INFO -- : 0:  nokogiri (1.6.1) from /Users/bscott/.rvm/gems/ruby-2.0.0-p247@chef-rundeck/specifications/nokogiri-1.6.1.gemspec
I, [2014-01-07T11:21:37.524670 #69003]  INFO -- : 0:  httpauth (0.2.0) from /Users/bscott/.rvm/gems/ruby-2.0.0-p247@chef-rundeck/specifications/httpauth-0.2.0.gemspec
I, [2014-01-07T11:21:37.978616 #69003]  INFO -- : 0:  jwt (0.1.8) from /Users/bscott/.rvm/gems/ruby-2.0.0-p247@chef-rundeck/specifications/jwt-0.1.8.gemspec
I, [2014-01-07T11:21:38.628685 #69003]  INFO -- : 0:  multi_xml (0.5.5) from /Users/bscott/.rvm/gems/ruby-2.0.0-p247@chef-rundeck/specifications/multi_xml-0.5.5.gemspec
I, [2014-01-07T11:21:39.509148 #69003]  INFO -- : 0:  oauth2 (0.9.2) from /Users/bscott/.rvm/gems/ruby-2.0.0-p247@chef-rundeck/specifications/oauth2-0.9.2.gemspec
I, [2014-01-07T11:21:41.055835 #69003]  INFO -- : 0:  github_api (0.11.1) from /Users/bscott/.rvm/gems/ruby-2.0.0-p247@chef-rundeck/specifications/github_api-0.11.1.gemspec
I, [2014-01-07T11:21:42.352136 #69003]  INFO -- : 0:  rdoc (4.1.0) from /Users/bscott/.rvm/gems/ruby-2.0.0-p247@chef-rundeck/specifications/rdoc-4.1.0.gemspec
I, [2014-01-07T11:21:43.233768 #69003]  INFO -- : 0:  jeweler (2.0.0) from /Users/bscott/.rvm/gems/ruby-2.0.0-p247@chef-rundeck/specifications/jeweler-2.0.0.gemspec
I, [2014-01-07T11:21:43.234135 #69003]  INFO -- : 0:  rack-test (0.6.2) from /Users/bscott/.rvm/gems/ruby-2.0.0-p247@chef-rundeck/specifications/rack-test-0.6.2.gemspec
I, [2014-01-07T11:21:43.234393 #69003]  INFO -- : 0:  rspec-core (2.14.7) from /Users/bscott/.rvm/gems/ruby-2.0.0-p247@chef-rundeck/specifications/rspec-core-2.14.7.gemspec
I, [2014-01-07T11:21:43.234644 #69003]  INFO -- : 0:  rspec-expectations (2.14.4) from /Users/bscott/.rvm/gems/ruby-2.0.0-p247@chef-rundeck/specifications/rspec-expectations-2.14.4.gemspec
I, [2014-01-07T11:21:43.234883 #69003]  INFO -- : 0:  rspec-mocks (2.14.4) from /Users/bscott/.rvm/gems/ruby-2.0.0-p247@chef-rundeck/specifications/rspec-mocks-2.14.4.gemspec
I, [2014-01-07T11:21:43.235122 #69003]  INFO -- : 0:  rspec (2.14.1) from /Users/bscott/.rvm/gems/ruby-2.0.0-p247@chef-rundeck/specifications/rspec-2.14.1.gemspec
I, [2014-01-07T11:21:44.953699 #69003]  INFO -- : 0:  yard (0.8.7.3) from /Users/bscott/.rvm/gems/ruby-2.0.0-p247@chef-rundeck/specifications/yard-0.8.7.3.gemspec
